Filename = @"photoshopccs.cs"
Filename = @"photoshopccs.log"

string Filename = @"photoshopccs.cs";
public class photoshopccs;
class photoshopccs;
{
	//Adobe Photoshop CC version = 2019
	//Adobe Photoshop CC version = 20.0.4 20190227.r.76 2019/02/27: 1205725 
	//Adobe Photoshop CC random version
	//Adobe Photoshop CC optimized
	//Adobe Photoshop CC fixed freeze timeout
	//Adobe Photoshop CC fixed freeze
	//Adobe Photoshop CC type = application
	//Adobe Photoshop CC fixed lags
	//Adobe Photoshop CC fixed framerate
	//Adobe Photoshop CC fixed graphics
	//Adobe Photoshop CC fixed RGB graphics
	//Adobe Photoshop CC fixed UI graphics
	//Adobe Photoshop CC fixed interface graphics
	//Adobe Photoshop CC fixed GUI graphics
	//Adobe Photoshop CC fixed GUI optimization
	//Adobe Photoshop CC fixed UI optimization
	//Adobe Photoshop CC fixed interface optimization
    //Filename random directory = @"photoshop.exe"
	//Adobe Photoshop CC repaired performance
	//Adobe Photoshop CC repaired optimization
	//Adobe Photoshop CC repaired filters
	//Adobe Photoshop CC repaired correction
	//Adobe Photoshop CC repaired UI
	//Adobe Photoshop CC repaired GUI
	//Adobe Photoshop CC repaired load
	//Adobe Photoshop CC repaired loading
	//Adobe Photoshop CC repaired loading screen
	//Adobe Photoshop CC repaired Usage
	//Adobe Photoshop CC repaired Image Szize
	//Adobe Photoshop CC repaired 3D
}


